<?xml version="1.0" encoding="UTF-8"?>
<!-- Generated by org.testng.reporters.JUnitReportReporter -->
<testsuite hostname="Master" failures="0" tests="3" name="tests.LoginTest" time="12.781" errors="0" timestamp="2026-08-10T15:29:57 IDT" skipped="0">
  <testcase classname="tests.LoginTest" name="testInvalidLogin" time="7.734"/>
  <testcase classname="tests.LoginTest" name="testValidLogin" time="2.727"/>
  <testcase classname="tests.LoginTest" name="testSuccessfulLogin" time="2.320"/>
</testsuite> <!-- tests.LoginTest -->
