<?xml version="1.0" encoding="UTF-8"?>
<!-- Generated by org.testng.reporters.JUnitReportReporter -->
<testsuite hostname="Master" failures="0" tests="6" name="tests.LoginTest" time="15.691" errors="0" timestamp="2026-08-12T14:59:23 IDT" skipped="0">
  <testcase classname="tests.LoginTest" name="testInvalidLogin" time="2.115"/>
  <testcase classname="tests.LoginTest" name="testLoginWithMultipleUsers" time="4.580"/>
  <testcase classname="tests.LoginTest" name="testSuccessfulLogin" time="2.196"/>
  <testcase classname="tests.LoginTest" name="testValidLogin" time="2.207"/>
  <testcase classname="tests.LoginTest" name="testLoginWithMultipleUsers" time="2.219"/>
  <testcase classname="tests.LoginTest" name="testLoginWithMultipleUsers" time="2.374"/>
</testsuite> <!-- tests.LoginTest -->
