<?xml version="1.0" encoding="UTF-8"?>
<!-- Generated by org.testng.reporters.JUnitReportReporter -->
<testsuite hostname="Master" failures="0" tests="6" name="tests.LoginTest" time="18.847" errors="0" timestamp="2026-08-23T12:43:57 IDT" skipped="0">
  <testcase classname="tests.LoginTest" name="testLoginWithMultipleUsers" time="2.887"/>
  <testcase classname="tests.LoginTest" name="testSuccessfulLogin" time="2.898"/>
  <testcase classname="tests.LoginTest" name="testLoginWithMultipleUsers" time="2.970"/>
  <testcase classname="tests.LoginTest" name="testValidLogin" time="3.164"/>
  <testcase classname="tests.LoginTest" name="testLoginWithMultipleUsers" time="4.609"/>
  <testcase classname="tests.LoginTest" name="testInvalidLogin" time="2.319"/>
</testsuite> <!-- tests.LoginTest -->
