<?xml version="1.0" encoding="UTF-8"?>
<!-- Generated by org.testng.reporters.JUnitXMLReporter -->
<testsuite ignored="0" hostname="Master" failures="0" tests="6" name="Surefire test" time="15.914" errors="0" timestamp="2026-08-12T13:05:25 IDT">
  <testcase classname="tests.LoginTest" name="testInvalidLogin" time="0.451"/>
  <testcase classname="tests.LoginTest" name="testLoginWithMultipleUsers" time="0.407"/>
  <testcase classname="tests.LoginTest" name="testLoginWithMultipleUsers" time="0.408"/>
  <testcase classname="tests.LoginTest" name="testLoginWithMultipleUsers" time="0.413"/>
  <testcase classname="tests.LoginTest" name="testSuccessfulLogin" time="0.527"/>
  <testcase classname="tests.LoginTest" name="testValidLogin" time="0.413"/>
</testsuite> <!-- Surefire test -->
