<?xml version="1.0" encoding="UTF-8"?>
<!-- Generated by org.testng.reporters.JUnitXMLReporter -->
<testsuite ignored="0" hostname="Master" failures="0" tests="3" name="Default test" time="12.855" errors="0" timestamp="2026-08-10T15:29:57 IDT">
  <testcase classname="tests.LoginTest" name="testInvalidLogin" time="2.449"/>
  <testcase classname="tests.LoginTest" name="testSuccessfulLogin" time="0.831"/>
  <testcase classname="tests.LoginTest" name="testValidLogin" time="0.497"/>
</testsuite> <!-- Default test -->
