<?xml version="1.0" encoding="UTF-8"?>
<testng-results ignored="0" total="2" passed="2" failed="0" skipped="0">
  <reporter-output>
  </reporter-output>
  <suite started-at="2026-08-10T14:47:06 IDT" name="Default suite" finished-at="2026-08-10T14:47:14 IDT" duration-ms="7882">
    <groups>
    </groups>
    <test started-at="2026-08-10T14:47:06 IDT" name="Default test" finished-at="2026-08-10T14:47:14 IDT" duration-ms="7882">
      <class name="tests.LoginTest">
        <test-method is-config="true" signature="setup()[pri:0, instance:tests.LoginTest@4218d6a3]" started-at="2026-08-10T14:47:06 IDT" name="setup" finished-at="2026-08-10T14:47:09 IDT" duration-ms="3226" status="PASS">
          <reporter-output>
          </reporter-output>
        </test-method> <!-- setup -->
        <test-method signature="testInvalidLogin()[pri:0, instance:tests.LoginTest@4218d6a3]" started-at="2026-08-10T14:47:09 IDT" name="testInvalidLogin" finished-at="2026-08-10T14:47:10 IDT" duration-ms="657" status="PASS">
          <reporter-output>
          </reporter-output>
        </test-method> <!-- testInvalidLogin -->
        <test-method is-config="true" signature="teardown()[pri:0, instance:tests.LoginTest@4218d6a3]" started-at="2026-08-10T14:47:10 IDT" name="teardown" finished-at="2026-08-10T14:47:10 IDT" duration-ms="475" status="PASS">
          <reporter-output>
          </reporter-output>
        </test-method> <!-- teardown -->
        <test-method is-config="true" signature="setup()[pri:0, instance:tests.LoginTest@4218d6a3]" started-at="2026-08-10T14:47:10 IDT" name="setup" finished-at="2026-08-10T14:47:12 IDT" duration-ms="2109" status="PASS">
          <reporter-output>
          </reporter-output>
        </test-method> <!-- setup -->
        <test-method signature="testValidLogin()[pri:0, instance:tests.LoginTest@4218d6a3]" started-at="2026-08-10T14:47:12 IDT" name="testValidLogin" finished-at="2026-08-10T14:47:13 IDT" duration-ms="1126" status="PASS">
          <reporter-output>
          </reporter-output>
        </test-method> <!-- testValidLogin -->
        <test-method is-config="true" signature="teardown()[pri:0, instance:tests.LoginTest@4218d6a3]" started-at="2026-08-10T14:47:13 IDT" name="teardown" finished-at="2026-08-10T14:47:14 IDT" duration-ms="220" status="PASS">
          <reporter-output>
          </reporter-output>
        </test-method> <!-- teardown -->
      </class> <!-- tests.LoginTest -->
    </test> <!-- Default test -->
  </suite> <!-- Default suite -->
</testng-results>
