<?xml version="1.0" encoding="UTF-8"?>
<testng-results ignored="0" total="3" passed="3" failed="0" skipped="0">
  <reporter-output>
  </reporter-output>
  <suite started-at="2026-08-10T15:29:44 IDT" name="Default suite" finished-at="2026-08-10T15:29:57 IDT" duration-ms="12855">
    <groups>
    </groups>
    <test started-at="2026-08-10T15:29:44 IDT" name="Default test" finished-at="2026-08-10T15:29:57 IDT" duration-ms="12855">
      <class name="tests.LoginTest">
        <test-method is-config="true" signature="setup()[pri:0, instance:tests.LoginTest@76505305]" started-at="2026-08-10T15:29:44 IDT" name="setup" finished-at="2026-08-10T15:29:49 IDT" duration-ms="4768" status="PASS">
          <reporter-output>
          </reporter-output>
        </test-method> <!-- setup -->
        <test-method signature="testInvalidLogin()[pri:0, instance:tests.LoginTest@76505305]" started-at="2026-08-10T15:29:49 IDT" name="testInvalidLogin" finished-at="2026-08-10T15:29:52 IDT" duration-ms="2449" status="PASS">
          <reporter-output>
          </reporter-output>
        </test-method> <!-- testInvalidLogin -->
        <test-method is-config="true" signature="teardown()[pri:0, instance:tests.LoginTest@76505305]" started-at="2026-08-10T15:29:52 IDT" name="teardown" finished-at="2026-08-10T15:29:52 IDT" duration-ms="281" status="PASS">
          <reporter-output>
          </reporter-output>
        </test-method> <!-- teardown -->
        <test-method is-config="true" signature="setup()[pri:0, instance:tests.LoginTest@76505305]" started-at="2026-08-10T15:29:52 IDT" name="setup" finished-at="2026-08-10T15:29:53 IDT" duration-ms="1234" status="PASS">
          <reporter-output>
          </reporter-output>
        </test-method> <!-- setup -->
        <test-method signature="testSuccessfulLogin()[pri:0, instance:tests.LoginTest@76505305]" started-at="2026-08-10T15:29:53 IDT" name="testSuccessfulLogin" finished-at="2026-08-10T15:29:54 IDT" duration-ms="831" status="PASS">
          <reporter-output>
          </reporter-output>
        </test-method> <!-- testSuccessfulLogin -->
        <test-method is-config="true" signature="teardown()[pri:0, instance:tests.LoginTest@76505305]" started-at="2026-08-10T15:29:54 IDT" name="teardown" finished-at="2026-08-10T15:29:55 IDT" duration-ms="517" status="PASS">
          <reporter-output>
          </reporter-output>
        </test-method> <!-- teardown -->
        <test-method is-config="true" signature="setup()[pri:0, instance:tests.LoginTest@76505305]" started-at="2026-08-10T15:29:55 IDT" name="setup" finished-at="2026-08-10T15:29:56 IDT" duration-ms="1949" status="PASS">
          <reporter-output>
          </reporter-output>
        </test-method> <!-- setup -->
        <test-method signature="testValidLogin()[pri:0, instance:tests.LoginTest@76505305]" started-at="2026-08-10T15:29:56 IDT" name="testValidLogin" finished-at="2026-08-10T15:29:57 IDT" duration-ms="497" status="PASS">
          <reporter-output>
          </reporter-output>
        </test-method> <!-- testValidLogin -->
        <test-method is-config="true" signature="teardown()[pri:0, instance:tests.LoginTest@76505305]" started-at="2026-08-10T15:29:57 IDT" name="teardown" finished-at="2026-08-10T15:29:57 IDT" duration-ms="255" status="PASS">
          <reporter-output>
          </reporter-output>
        </test-method> <!-- teardown -->
      </class> <!-- tests.LoginTest -->
    </test> <!-- Default test -->
  </suite> <!-- Default suite -->
</testng-results>
