<?xml version="1.0" encoding="UTF-8"?>
<testng-results ignored="0" total="8" passed="8" failed="0" skipped="0">
  <reporter-output>
  </reporter-output>
  <suite started-at="2026-08-12T14:59:02 IDT" name="QA Portfolio Suite" finished-at="2026-08-12T14:59:23 IDT" duration-ms="20567">
    <groups>
    </groups>
    <test started-at="2026-08-12T14:59:02 IDT" name="Login Tests" finished-at="2026-08-12T14:59:18 IDT" duration-ms="15760">
      <class name="tests.LoginTest">
        <test-method is-config="true" signature="setup()[pri:0, instance:tests.LoginTest@44ebcd03]" started-at="2026-08-12T14:59:02 IDT" name="setup" finished-at="2026-08-12T14:59:05 IDT" duration-ms="3106" status="PASS">
          <reporter-output>
          </reporter-output>
        </test-method> <!-- setup -->
        <test-method is-config="true" signature="setupLogin()[pri:0, instance:tests.LoginTest@44ebcd03]" started-at="2026-08-12T14:59:05 IDT" name="setupLogin" finished-at="2026-08-12T14:59:06 IDT" duration-ms="925" status="PASS">
          <reporter-output>
          </reporter-output>
        </test-method> <!-- setupLogin -->
        <test-method signature="testInvalidLogin()[pri:0, instance:tests.LoginTest@44ebcd03]" started-at="2026-08-12T14:59:06 IDT" name="testInvalidLogin" finished-at="2026-08-12T14:59:06 IDT" duration-ms="368" status="PASS">
          <reporter-output>
          </reporter-output>
        </test-method> <!-- testInvalidLogin -->
        <test-method is-config="true" signature="teardown(org.testng.ITestResult)[pri:0, instance:tests.LoginTest@44ebcd03]" started-at="2026-08-12T14:59:06 IDT" name="teardown" finished-at="2026-08-12T14:59:07 IDT" duration-ms="400" status="PASS">
          <params>
            <param index="0">
              <value>
                <![CDATA[[TestResult name=testInvalidLogin status=SUCCESS method=LoginTest.testInvalidLogin()[pri:0, instance:tests.LoginTest@44ebcd03] output={null}]]]>
              </value>
            </param>
          </params>
          <reporter-output>
          </reporter-output>
        </test-method> <!-- teardown -->
        <test-method is-config="true" signature="setup()[pri:0, instance:tests.LoginTest@44ebcd03]" started-at="2026-08-12T14:59:07 IDT" name="setup" finished-at="2026-08-12T14:59:08 IDT" duration-ms="1024" status="PASS">
          <reporter-output>
          </reporter-output>
        </test-method> <!-- setup -->
        <test-method is-config="true" signature="setupLogin()[pri:0, instance:tests.LoginTest@44ebcd03]" started-at="2026-08-12T14:59:08 IDT" name="setupLogin" finished-at="2026-08-12T14:59:08 IDT" duration-ms="529" status="PASS">
          <reporter-output>
          </reporter-output>
        </test-method> <!-- setupLogin -->
        <test-method signature="testLoginWithMultipleUsers(java.lang.String,java.lang.String,boolean)[pri:0, instance:tests.LoginTest@44ebcd03]" started-at="2026-08-12T14:59:08 IDT" name="testLoginWithMultipleUsers" data-provider="loginData" finished-at="2026-08-12T14:59:09 IDT" duration-ms="430" status="PASS">
          <params>
            <param index="0">
              <value>
                <![CDATA[standard_user]]>
              </value>
            </param>
            <param index="1">
              <value>
                <![CDATA[secret_sauce]]>
              </value>
            </param>
            <param index="2">
              <value>
                <![CDATA[true]]>
              </value>
            </param>
          </params>
          <reporter-output>
          </reporter-output>
        </test-method> <!-- testLoginWithMultipleUsers -->
        <test-method is-config="true" signature="teardown(org.testng.ITestResult)[pri:0, instance:tests.LoginTest@44ebcd03]" started-at="2026-08-12T14:59:09 IDT" name="teardown" finished-at="2026-08-12T14:59:09 IDT" duration-ms="224" status="PASS">
          <params>
            <param index="0">
              <value>
                <![CDATA[[TestResult name=testLoginWithMultipleUsers status=SUCCESS method=LoginTest.testLoginWithMultipleUsers(java.lang.String,java.lang.String,boolean)[pri:0, instance:tests.LoginTest@44ebcd03] output={null}]]]>
              </value>
            </param>
          </params>
          <reporter-output>
          </reporter-output>
        </test-method> <!-- teardown -->
        <test-method is-config="true" signature="setup()[pri:0, instance:tests.LoginTest@44ebcd03]" started-at="2026-08-12T14:59:09 IDT" name="setup" finished-at="2026-08-12T14:59:10 IDT" duration-ms="1015" status="PASS">
          <reporter-output>
          </reporter-output>
        </test-method> <!-- setup -->
        <test-method is-config="true" signature="setupLogin()[pri:0, instance:tests.LoginTest@44ebcd03]" started-at="2026-08-12T14:59:10 IDT" name="setupLogin" finished-at="2026-08-12T14:59:11 IDT" duration-ms="542" status="PASS">
          <reporter-output>
          </reporter-output>
        </test-method> <!-- setupLogin -->
        <test-method signature="testLoginWithMultipleUsers(java.lang.String,java.lang.String,boolean)[pri:0, instance:tests.LoginTest@44ebcd03]" started-at="2026-08-12T14:59:11 IDT" name="testLoginWithMultipleUsers" data-provider="loginData" finished-at="2026-08-12T14:59:11 IDT" duration-ms="388" status="PASS">
          <params>
            <param index="0">
              <value>
                <![CDATA[locked_out_user]]>
              </value>
            </param>
            <param index="1">
              <value>
                <![CDATA[secret_sauce]]>
              </value>
            </param>
            <param index="2">
              <value>
                <![CDATA[false]]>
              </value>
            </param>
          </params>
          <reporter-output>
          </reporter-output>
        </test-method> <!-- testLoginWithMultipleUsers -->
        <test-method is-config="true" signature="teardown(org.testng.ITestResult)[pri:0, instance:tests.LoginTest@44ebcd03]" started-at="2026-08-12T14:59:11 IDT" name="teardown" finished-at="2026-08-12T14:59:11 IDT" duration-ms="240" status="PASS">
          <params>
            <param index="0">
              <value>
                <![CDATA[[TestResult name=testLoginWithMultipleUsers status=SUCCESS method=LoginTest.testLoginWithMultipleUsers(java.lang.String,java.lang.String,boolean)[pri:0, instance:tests.LoginTest@44ebcd03] output={null}]]]>
              </value>
            </param>
          </params>
          <reporter-output>
          </reporter-output>
        </test-method> <!-- teardown -->
        <test-method is-config="true" signature="setup()[pri:0, instance:tests.LoginTest@44ebcd03]" started-at="2026-08-12T14:59:11 IDT" name="setup" finished-at="2026-08-12T14:59:12 IDT" duration-ms="1057" status="PASS">
          <reporter-output>
          </reporter-output>
        </test-method> <!-- setup -->
        <test-method is-config="true" signature="setupLogin()[pri:0, instance:tests.LoginTest@44ebcd03]" started-at="2026-08-12T14:59:12 IDT" name="setupLogin" finished-at="2026-08-12T14:59:13 IDT" duration-ms="550" status="PASS">
          <reporter-output>
          </reporter-output>
        </test-method> <!-- setupLogin -->
        <test-method signature="testLoginWithMultipleUsers(java.lang.String,java.lang.String,boolean)[pri:0, instance:tests.LoginTest@44ebcd03]" started-at="2026-08-12T14:59:13 IDT" name="testLoginWithMultipleUsers" data-provider="loginData" finished-at="2026-08-12T14:59:13 IDT" duration-ms="322" status="PASS">
          <params>
            <param index="0">
              <value>
                <![CDATA[wrong_user]]>
              </value>
            </param>
            <param index="1">
              <value>
                <![CDATA[wrong_pass]]>
              </value>
            </param>
            <param index="2">
              <value>
                <![CDATA[false]]>
              </value>
            </param>
          </params>
          <reporter-output>
          </reporter-output>
        </test-method> <!-- testLoginWithMultipleUsers -->
        <test-method is-config="true" signature="teardown(org.testng.ITestResult)[pri:0, instance:tests.LoginTest@44ebcd03]" started-at="2026-08-12T14:59:13 IDT" name="teardown" finished-at="2026-08-12T14:59:13 IDT" duration-ms="227" status="PASS">
          <params>
            <param index="0">
              <value>
                <![CDATA[[TestResult name=testLoginWithMultipleUsers status=SUCCESS method=LoginTest.testLoginWithMultipleUsers(java.lang.String,java.lang.String,boolean)[pri:0, instance:tests.LoginTest@44ebcd03] output={null}]]]>
              </value>
            </param>
          </params>
          <reporter-output>
          </reporter-output>
        </test-method> <!-- teardown -->
        <test-method is-config="true" signature="setup()[pri:0, instance:tests.LoginTest@44ebcd03]" started-at="2026-08-12T14:59:13 IDT" name="setup" finished-at="2026-08-12T14:59:14 IDT" duration-ms="1059" status="PASS">
          <reporter-output>
          </reporter-output>
        </test-method> <!-- setup -->
        <test-method is-config="true" signature="setupLogin()[pri:0, instance:tests.LoginTest@44ebcd03]" started-at="2026-08-12T14:59:14 IDT" name="setupLogin" finished-at="2026-08-12T14:59:15 IDT" duration-ms="527" status="PASS">
          <reporter-output>
          </reporter-output>
        </test-method> <!-- setupLogin -->
        <test-method signature="testSuccessfulLogin()[pri:0, instance:tests.LoginTest@44ebcd03]" started-at="2026-08-12T14:59:15 IDT" name="testSuccessfulLogin" finished-at="2026-08-12T14:59:15 IDT" duration-ms="380" status="PASS">
          <reporter-output>
          </reporter-output>
        </test-method> <!-- testSuccessfulLogin -->
        <test-method is-config="true" signature="teardown(org.testng.ITestResult)[pri:0, instance:tests.LoginTest@44ebcd03]" started-at="2026-08-12T14:59:15 IDT" name="teardown" finished-at="2026-08-12T14:59:16 IDT" duration-ms="216" status="PASS">
          <params>
            <param index="0">
              <value>
                <![CDATA[[TestResult name=testSuccessfulLogin status=SUCCESS method=LoginTest.testSuccessfulLogin()[pri:0, instance:tests.LoginTest@44ebcd03] output={null}]]]>
              </value>
            </param>
          </params>
          <reporter-output>
          </reporter-output>
        </test-method> <!-- teardown -->
        <test-method is-config="true" signature="setup()[pri:0, instance:tests.LoginTest@44ebcd03]" started-at="2026-08-12T14:59:16 IDT" name="setup" finished-at="2026-08-12T14:59:17 IDT" duration-ms="989" status="PASS">
          <reporter-output>
          </reporter-output>
        </test-method> <!-- setup -->
        <test-method is-config="true" signature="setupLogin()[pri:0, instance:tests.LoginTest@44ebcd03]" started-at="2026-08-12T14:59:17 IDT" name="setupLogin" finished-at="2026-08-12T14:59:17 IDT" duration-ms="529" status="PASS">
          <reporter-output>
          </reporter-output>
        </test-method> <!-- setupLogin -->
        <test-method signature="testValidLogin()[pri:0, instance:tests.LoginTest@44ebcd03]" started-at="2026-08-12T14:59:17 IDT" name="testValidLogin" finished-at="2026-08-12T14:59:18 IDT" duration-ms="414" status="PASS">
          <reporter-output>
          </reporter-output>
        </test-method> <!-- testValidLogin -->
        <test-method is-config="true" signature="teardown(org.testng.ITestResult)[pri:0, instance:tests.LoginTest@44ebcd03]" started-at="2026-08-12T14:59:18 IDT" name="teardown" finished-at="2026-08-12T14:59:18 IDT" duration-ms="230" status="PASS">
          <params>
            <param index="0">
              <value>
                <![CDATA[[TestResult name=testValidLogin status=SUCCESS method=LoginTest.testValidLogin()[pri:0, instance:tests.LoginTest@44ebcd03] output={null}]]]>
              </value>
            </param>
          </params>
          <reporter-output>
          </reporter-output>
        </test-method> <!-- teardown -->
      </class> <!-- tests.LoginTest -->
    </test> <!-- Login Tests -->
    <test started-at="2026-08-12T14:59:18 IDT" name="Cart Tests" finished-at="2026-08-12T14:59:23 IDT" duration-ms="4781">
      <class name="tests.CartTest">
        <test-method is-config="true" signature="setup()[pri:0, instance:tests.CartTest@5656be13]" started-at="2026-08-12T14:59:18 IDT" name="setup" finished-at="2026-08-12T14:59:19 IDT" duration-ms="1048" status="PASS">
          <reporter-output>
          </reporter-output>
        </test-method> <!-- setup -->
        <test-method is-config="true" signature="setUpCart()[pri:0, instance:tests.CartTest@5656be13]" started-at="2026-08-12T14:59:19 IDT" name="setUpCart" finished-at="2026-08-12T14:59:20 IDT" duration-ms="900" status="PASS">
          <reporter-output>
          </reporter-output>
        </test-method> <!-- setUpCart -->
        <test-method signature="addItemTestToCart()[pri:0, instance:tests.CartTest@5656be13]" started-at="2026-08-12T14:59:20 IDT" name="addItemTestToCart" finished-at="2026-08-12T14:59:20 IDT" duration-ms="175" status="PASS">
          <reporter-output>
          </reporter-output>
        </test-method> <!-- addItemTestToCart -->
        <test-method is-config="true" signature="teardown(org.testng.ITestResult)[pri:0, instance:tests.CartTest@5656be13]" started-at="2026-08-12T14:59:20 IDT" name="teardown" finished-at="2026-08-12T14:59:20 IDT" duration-ms="280" status="PASS">
          <params>
            <param index="0">
              <value>
                <![CDATA[[TestResult name=addItemTestToCart status=SUCCESS method=CartTest.addItemTestToCart()[pri:0, instance:tests.CartTest@5656be13] output={null}]]]>
              </value>
            </param>
          </params>
          <reporter-output>
          </reporter-output>
        </test-method> <!-- teardown -->
        <test-method is-config="true" signature="setup()[pri:0, instance:tests.CartTest@5656be13]" started-at="2026-08-12T14:59:20 IDT" name="setup" finished-at="2026-08-12T14:59:21 IDT" duration-ms="1020" status="PASS">
          <reporter-output>
          </reporter-output>
        </test-method> <!-- setup -->
        <test-method is-config="true" signature="setUpCart()[pri:0, instance:tests.CartTest@5656be13]" started-at="2026-08-12T14:59:21 IDT" name="setUpCart" finished-at="2026-08-12T14:59:22 IDT" duration-ms="929" status="PASS">
          <reporter-output>
          </reporter-output>
        </test-method> <!-- setUpCart -->
        <test-method signature="removeitemTestFormCart()[pri:0, instance:tests.CartTest@5656be13]" started-at="2026-08-12T14:59:22 IDT" name="removeitemTestFormCart" finished-at="2026-08-12T14:59:22 IDT" duration-ms="188" status="PASS">
          <reporter-output>
          </reporter-output>
        </test-method> <!-- removeitemTestFormCart -->
        <test-method is-config="true" signature="teardown(org.testng.ITestResult)[pri:0, instance:tests.CartTest@5656be13]" started-at="2026-08-12T14:59:22 IDT" name="teardown" finished-at="2026-08-12T14:59:23 IDT" duration-ms="235" status="PASS">
          <params>
            <param index="0">
              <value>
                <![CDATA[[TestResult name=removeitemTestFormCart status=SUCCESS method=CartTest.removeitemTestFormCart()[pri:0, instance:tests.CartTest@5656be13] output={null}]]]>
              </value>
            </param>
          </params>
          <reporter-output>
          </reporter-output>
        </test-method> <!-- teardown -->
      </class> <!-- tests.CartTest -->
    </test> <!-- Cart Tests -->
  </suite> <!-- QA Portfolio Suite -->
</testng-results>
