<?xml version="1.0" encoding="UTF-8"?>
<testng-results ignored="0" total="1" passed="1" failed="0" skipped="0">
  <reporter-output>
  </reporter-output>
  <suite started-at="2026-08-10T13:44:42 IDT" name="Surefire suite" finished-at="2026-08-10T13:44:47 IDT" duration-ms="5111">
    <groups>
    </groups>
    <test started-at="2026-08-10T13:44:42 IDT" name="Surefire test" finished-at="2026-08-10T13:44:47 IDT" duration-ms="5111">
      <class name="tests.LoginTest">
        <test-method is-config="true" signature="setup()[pri:0, instance:tests.LoginTest@6d2a209c]" started-at="2026-08-10T13:44:42 IDT" name="setup" finished-at="2026-08-10T13:44:47 IDT" duration-ms="4556" status="PASS">
          <reporter-output>
          </reporter-output>
        </test-method> <!-- setup -->
        <test-method signature="testLogin()[pri:0, instance:tests.LoginTest@6d2a209c]" started-at="2026-08-10T13:44:47 IDT" name="testLogin" finished-at="2026-08-10T13:44:47 IDT" duration-ms="54" status="PASS">
          <reporter-output>
          </reporter-output>
        </test-method> <!-- testLogin -->
        <test-method is-config="true" signature="teardown()[pri:0, instance:tests.LoginTest@6d2a209c]" started-at="2026-08-10T13:44:47 IDT" name="teardown" finished-at="2026-08-10T13:44:47 IDT" duration-ms="443" status="PASS">
          <reporter-output>
          </reporter-output>
        </test-method> <!-- teardown -->
      </class> <!-- tests.LoginTest -->
    </test> <!-- Surefire test -->
  </suite> <!-- Surefire suite -->
</testng-results>
